D:\MyProjects\MouseGesture\MouseGesture\Release\cl.command.1.tlog
D:\MyProjects\MouseGesture\MouseGesture\Release\CL.read.1.tlog
D:\MyProjects\MouseGesture\MouseGesture\Release\CL.write.1.tlog
D:\MyProjects\MouseGesture\MouseGesture\Release\link.command.1.tlog
D:\MyProjects\MouseGesture\MouseGesture\Release\link.read.1.tlog
D:\MyProjects\MouseGesture\MouseGesture\Release\link.write.1.tlog
D:\MyProjects\MouseGesture\MouseGesture\Release\link-cvtres.read.1.tlog
D:\MyProjects\MouseGesture\MouseGesture\Release\link-cvtres.write.1.tlog
D:\MyProjects\MouseGesture\MouseGesture\Release\MouseGesture.exe.intermediate.manifest
D:\MYPROJECTS\MOUSEGESTURE\MOUSEGESTURE\RELEASE\MOUSEGESTURE.OBJ
D:\MYPROJECTS\MOUSEGESTURE\MOUSEGESTURE\RELEASE\MOUSEGESTURE.PCH
D:\MYPROJECTS\MOUSEGESTURE\MOUSEGESTURE\RELEASE\MOUSEGESTURE.RES
D:\MyProjects\MouseGesture\MouseGesture\Release\MouseGesture.write.1.tlog
D:\MYPROJECTS\MOUSEGESTURE\MOUSEGESTURE\RELEASE\MOUSEGESTUREDLG.OBJ
D:\MyProjects\MouseGesture\MouseGesture\Release\mt.command.1.tlog
D:\MyProjects\MouseGesture\MouseGesture\Release\mt.read.1.tlog
D:\MyProjects\MouseGesture\MouseGesture\Release\mt.write.1.tlog
D:\MyProjects\MouseGesture\MouseGesture\Release\rc.command.1.tlog
D:\MyProjects\MouseGesture\MouseGesture\Release\rc.read.1.tlog
D:\MyProjects\MouseGesture\MouseGesture\Release\rc.write.1.tlog
D:\MYPROJECTS\MOUSEGESTURE\MOUSEGESTURE\RELEASE\STDAFX.OBJ
D:\MYPROJECTS\MOUSEGESTURE\MOUSEGESTURE\RELEASE\VC100.PDB
D:\MYPROJECTS\MOUSEGESTURE\RELEASE\MOUSEGESTURE.EXE
D:\MyProjects\MouseGesture\Release\MouseGesture.pdb
