2023/04/24 13:29:18 にビルドを開始しました。
     1>ノード 2 上のプロジェクト "D:\MyProjects\MouseHook\MouseHook.vcxproj" (build ターゲット)。
     1>InitializeBuildStatus:
         "Debug\MouseHook.unsuccessfulbuild" のタッチ タスクを実行しています。
       ClCompile:
         すべての出力が最新のものです。
         C:\Program Files (x86)\Microsoft Visual Studio 10.0\VC\bin\CL.exe /c /ZI /nologo /W3 /WX- /Od /Oy- /D WIN32 /D _WINDOWS /D _DEBUG /D _USRDLL /D _WINDLL /D _UNICODE /D UNICODE /D _AFXDLL /Gm /EHsc /RTC1 /MDd /GS /fp:precise /Zc:wchar_t /Zc:forScope /Yu"StdAfx.h" /Fp"Debug\MouseHook.pch" /Fo"Debug\\" /Fd"Debug\vc100.pdb" /Gd /TP /analyze- /errorReport:prompt MouseHook.cpp
         MouseHook.cpp
       ResourceCompile:
         C:\Program Files (x86)\Microsoft SDKs\Windows\v7.0A\bin\rc.exe /D _DEBUG /D _UNICODE /D UNICODE /D _AFXDLL /l"0x0411" /IDebug\ /nologo /fo"Debug\MouseHook.res" MouseHook.rc 
       ManifestResourceCompile:
         C:\Program Files (x86)\Microsoft SDKs\Windows\v7.0A\bin\rc.exe /nologo /fo"Debug\MouseHook.dll.embed.manifest.res" Debug\MouseHook_manifest.rc 
       Link:
         C:\Program Files (x86)\Microsoft Visual Studio 10.0\VC\bin\link.exe /ERRORREPORT:PROMPT /OUT:"D:\MyProjects\MouseHook\Debug\MouseHook.dll" /INCREMENTAL /NOLOGO /DEF:".\MouseHook.def" /MANIFEST /ManifestFile:"Debug\MouseHook.dll.intermediate.manifest" /MANIFESTUAC:"level='asInvoker' uiAccess='false'" /DEBUG /PDB:"D:\MyProjects\MouseHook\Debug\MouseHook.pdb" /SUBSYSTEM:WINDOWS /TLBID:1 /DYNAMICBASE /NXCOMPAT /IMPLIB:"D:\MyProjects\MouseHook\Debug\MouseHook.lib" /MACHINE:X86 /DLL Debug\MouseHook.res
         Debug\MouseHook.dll.embed.manifest.res
         Debug\MouseHook.obj
         Debug\stdafx.obj
     1>.\MouseHook.def(2): warning LNK4017: hookproc ステートメントはターゲット プラットフォームでサポートされていません。無視しました。
            ライブラリ D:\MyProjects\MouseHook\Debug\MouseHook.lib とオブジェクト D:\MyProjects\MouseHook\Debug\MouseHook.exp を作成中
       Manifest:
         C:\Program Files (x86)\Microsoft SDKs\Windows\v7.0A\bin\mt.exe /nologo /verbose /out:"Debug\MouseHook.dll.embed.manifest" /manifest Debug\MouseHook.dll.intermediate.manifest "C:\Program Files (x86)\Microsoft Visual Studio 10.0\VC\Include\Manifest\dpiaware.manifest"
         C:\Program Files (x86)\Microsoft SDKs\Windows\v7.0A\bin\rc.exe /nologo /fo"Debug\MouseHook.dll.embed.manifest.res" Debug\MouseHook_manifest.rc 
       LinkEmbedManifest:
         C:\Program Files (x86)\Microsoft Visual Studio 10.0\VC\bin\link.exe /ERRORREPORT:PROMPT /OUT:"D:\MyProjects\MouseHook\Debug\MouseHook.dll" /INCREMENTAL /NOLOGO /DEF:".\MouseHook.def" /MANIFEST /ManifestFile:"Debug\MouseHook.dll.intermediate.manifest" /MANIFESTUAC:"level='asInvoker' uiAccess='false'" /DEBUG /PDB:"D:\MyProjects\MouseHook\Debug\MouseHook.pdb" /SUBSYSTEM:WINDOWS /TLBID:1 /DYNAMICBASE /NXCOMPAT /IMPLIB:"D:\MyProjects\MouseHook\Debug\MouseHook.lib" /MACHINE:X86 /DLL Debug\MouseHook.res
         Debug\MouseHook.dll.embed.manifest.res
         Debug\MouseHook.obj
         Debug\stdafx.obj
     1>.\MouseHook.def(2): warning LNK4017: hookproc ステートメントはターゲット プラットフォームでサポートされていません。無視しました。
            ライブラリ D:\MyProjects\MouseHook\Debug\MouseHook.lib とオブジェクト D:\MyProjects\MouseHook\Debug\MouseHook.exp を作成中
         MouseHook.vcxproj -> D:\MyProjects\MouseHook\Debug\MouseHook.dll
       FinalizeBuildStatus:
         ファイル "Debug\MouseHook.unsuccessfulbuild" を削除しています。
         "Debug\MouseHook.lastbuildstate" のタッチ タスクを実行しています。
     1>プロジェクト "D:\MyProjects\MouseHook\MouseHook.vcxproj" (build ターゲット) のビルドが完了しました。

ビルドに成功しました。

経過時間 00:00:28.77
