2023/04/28 19:26:16 にビルドを開始しました。
     1>ノード 2 上のプロジェクト "D:\MyProjects\MouseGesture\MouseGesture\MouseGesture.vcxproj" (build ターゲット)。
     1>InitializeBuildStatus:
         "AlwaysCreate" が指定されたため "x64\Debug\MouseGesture.unsuccessfulbuild" を作成しています。
       ClCompile:
         すべての出力が最新のものです。
         C:\Program Files (x86)\Microsoft Visual Studio 10.0\VC\bin\x86_amd64\CL.exe /c /Zi /nologo /W3 /WX- /Od /D WIN32 /D _WINDOWS /D _DEBUG /D _MBCS /D _AFXDLL /Gm /EHsc /RTC1 /MDd /GS /fp:precise /Zc:wchar_t /Zc:forScope /Yu"StdAfx.h" /Fp"x64\Debug\MouseGesture.pch" /Fo"x64\Debug\\" /Fd"x64\Debug\vc100.pdb" /Gd /TP /errorReport:prompt MouseGestureDlg.cpp
         MouseGestureDlg.cpp
     1>MouseGestureDlg.cpp(208): warning C4101: 'dwThreadID' : ローカル変数は 1 度も使われていません。
       ResourceCompile:
         すべての出力が最新のものです。
       ManifestResourceCompile:
         すべての出力が最新のものです。
       Link:
         C:\Program Files (x86)\Microsoft Visual Studio 10.0\VC\bin\x86_amd64\link.exe /ERRORREPORT:PROMPT /OUT:"D:\MyProjects\MouseGesture\x64\Debug\MouseGesture.exe" /INCREMENTAL /NOLOGO MouseHook_x64.lib /MANIFEST /ManifestFile:"x64\Debug\MouseGesture.exe.intermediate.manifest" /MANIFESTUAC:"level='asInvoker' uiAccess='false'" /DEBUG /PDB:"D:\MyProjects\MouseGesture\x64\Debug\MouseGesture.pdb" /SUBSYSTEM:WINDOWS /TLBID:1 /DYNAMICBASE /NXCOMPAT /IMPLIB:"D:\MyProjects\MouseGesture\x64\Debug\MouseGesture.lib" /MACHINE:X64 x64\Debug\MouseGesture.res
         x64\Debug\MouseGesture.exe.embed.manifest.res
         x64\Debug\MouseGesture.obj
         x64\Debug\MouseGestureDlg.obj
         x64\Debug\stdafx.obj
         MouseGesture.vcxproj -> D:\MyProjects\MouseGesture\x64\Debug\MouseGesture.exe
       Manifest:
         C:\Program Files (x86)\Microsoft SDKs\Windows\v7.0A\bin\mt.exe /nologo /verbose /out:"x64\Debug\MouseGesture.exe.embed.manifest" /manifest x64\Debug\MouseGesture.exe.intermediate.manifest "C:\Program Files (x86)\Microsoft Visual Studio 10.0\VC\Include\Manifest\dpiaware.manifest"
         すべての出力が最新のものです。
       LinkEmbedManifest:
         すべての出力が最新のものです。
         MouseGesture.vcxproj -> D:\MyProjects\MouseGesture\x64\Debug\MouseGesture.exe
       FinalizeBuildStatus:
         ファイル "x64\Debug\MouseGesture.unsuccessfulbuild" を削除しています。
         "x64\Debug\MouseGesture.lastbuildstate" のタッチ タスクを実行しています。
     1>プロジェクト "D:\MyProjects\MouseGesture\MouseGesture\MouseGesture.vcxproj" (build ターゲット) のビルドが完了しました。

ビルドに成功しました。

経過時間 00:00:00.88
