2023/04/28 19:26:06 にビルドを開始しました。
     1>ノード 2 上のプロジェクト "D:\MyProjects\MouseHook\MouseHook.vcxproj" (build ターゲット)。
     1>InitializeBuildStatus:
         "AlwaysCreate" が指定されたため "x64\Release\MouseHook.unsuccessfulbuild" を作成しています。
       ClCompile:
         すべての出力が最新のものです。
         C:\Program Files (x86)\Microsoft Visual Studio 10.0\VC\bin\x86_amd64\CL.exe /c /Zi /nologo /W3 /WX- /O2 /Oi /GL /D WIN32 /D _WINDOWS /D NDEBUG /D _USRDLL /D _WINDLL /D _UNICODE /D UNICODE /D _AFXDLL /Gm- /EHsc /MD /GS /Gy /fp:precise /Zc:wchar_t /Zc:forScope /Yu"StdAfx.h" /Fp"x64\Release\MouseHook_x64.pch" /Fo"x64\Release\\" /Fd"x64\Release\vc100.pdb" /Gd /TP /errorReport:prompt MouseHook.cpp
         MouseHook.cpp
       ResourceCompile:
         すべての出力が最新のものです。
       Link:
         C:\Program Files (x86)\Microsoft Visual Studio 10.0\VC\bin\x86_amd64\link.exe /ERRORREPORT:PROMPT /OUT:"D:\MyProjects\MouseHook\x64\Release\MouseHook_x64.dll" /INCREMENTAL:NO /NOLOGO /DEF:".\MouseHook.def" /MANIFEST /ManifestFile:"x64\Release\MouseHook_x64.dll.intermediate.manifest" /MANIFESTUAC:"level='asInvoker' uiAccess='false'" /DEBUG /PDB:"D:\MyProjects\MouseHook\x64\Release\MouseHook_x64.pdb" /SUBSYSTEM:WINDOWS /OPT:REF /OPT:ICF /LTCG /TLBID:1 /DYNAMICBASE /NXCOMPAT /IMPLIB:"D:\MyProjects\MouseHook\x64\Release\MouseHook_x64.lib" /MACHINE:X64 /DLL x64\Release\MouseHook.res
         x64\Release\MouseHook.obj
         x64\Release\stdafx.obj
     1>.\MouseHook.def(1): warning LNK4017: hookproc ステートメントはターゲット プラットフォームでサポートされていません。無視しました。
            ライブラリ D:\MyProjects\MouseHook\x64\Release\MouseHook_x64.lib とオブジェクト D:\MyProjects\MouseHook\x64\Release\MouseHook_x64.exp を作成中
         コード生成しています。
         コード生成が終了しました。
         MouseHook.vcxproj -> D:\MyProjects\MouseHook\x64\Release\MouseHook_x64.dll
       Manifest:
         C:\Program Files (x86)\Microsoft SDKs\Windows\v7.0A\bin\mt.exe /nologo /verbose /outputresource:"D:\MyProjects\MouseHook\x64\Release\MouseHook_x64.dll;#2" /manifest x64\Release\MouseHook_x64.dll.intermediate.manifest "C:\Program Files (x86)\Microsoft Visual Studio 10.0\VC\Include\Manifest\dpiaware.manifest"
       PostBuildEvent:
         copy x64\Release\MouseHook_x64.dll D:\MyProjects\MouseGesture\MouseGesture
         copy x64\Release\MouseHook_x64.lib D:\MyProjects\MouseGesture\MouseGesture
         :VCEnd
                 1 個のファイルをコピーしました。
                 1 個のファイルをコピーしました。
       FinalizeBuildStatus:
         ファイル "x64\Release\MouseHook.unsuccessfulbuild" を削除しています。
         "x64\Release\MouseHook.lastbuildstate" のタッチ タスクを実行しています。
     1>プロジェクト "D:\MyProjects\MouseHook\MouseHook.vcxproj" (build ターゲット) のビルドが完了しました。

ビルドに成功しました。

経過時間 00:00:01.02
