D:\MYPROJECTS\SAUTOMATION\DEBUG\AUTOMATION.OBJ
D:\MyProjects\SAutomation\Debug\cl.command.1.tlog
D:\MyProjects\SAutomation\Debug\CL.read.1.tlog
D:\MyProjects\SAutomation\Debug\CL.write.1.tlog
D:\MyProjects\SAutomation\Debug\link.command.1.tlog
D:\MyProjects\SAutomation\Debug\link.read.1.tlog
D:\MyProjects\SAutomation\Debug\link.write.1.tlog
D:\MyProjects\SAutomation\Debug\link-cvtres.read.1.tlog
D:\MyProjects\SAutomation\Debug\link-cvtres.write.1.tlog
D:\MYPROJECTS\SAUTOMATION\DEBUG\MOUSEAUTOMATION.OBJ
D:\MyProjects\SAutomation\Debug\mt.command.1.tlog
D:\MyProjects\SAutomation\Debug\mt.read.1.tlog
D:\MyProjects\SAutomation\Debug\mt.write.1.tlog
D:\MYPROJECTS\SAUTOMATION\DEBUG\PERSER.OBJ
D:\MyProjects\SAutomation\Debug\rc.command.1.tlog
D:\MyProjects\SAutomation\Debug\rc.read.1.tlog
D:\MyProjects\SAutomation\Debug\rc.write.1.tlog
D:\MYPROJECTS\SAUTOMATION\DEBUG\SAUTOMATION.EXE
D:\MYPROJECTS\SAUTOMATION\DEBUG\SAUTOMATION.EXE.EMBED.MANIFEST
D:\MYPROJECTS\SAUTOMATION\DEBUG\SAUTOMATION.EXE.EMBED.MANIFEST.RES
D:\MYPROJECTS\SAUTOMATION\DEBUG\SAUTOMATION.EXE.INTERMEDIATE.MANIFEST
D:\MYPROJECTS\SAUTOMATION\DEBUG\SAUTOMATION.ILK
D:\MYPROJECTS\SAUTOMATION\DEBUG\SAUTOMATION.OBJ
D:\MYPROJECTS\SAUTOMATION\DEBUG\SAUTOMATION.PCH
D:\MYPROJECTS\SAUTOMATION\DEBUG\SAUTOMATION.PDB
D:\MYPROJECTS\SAUTOMATION\DEBUG\SAUTOMATION.RES
D:\MyProjects\SAutomation\Debug\SAutomation.vcxprojResolveAssemblyReference.cache
D:\MyProjects\SAutomation\Debug\SAutomation.write.1.tlog
D:\MyProjects\SAutomation\Debug\SAutomation_manifest.rc
D:\MYPROJECTS\SAUTOMATION\DEBUG\SAUTOMATIONDLG.OBJ
D:\MYPROJECTS\SAUTOMATION\DEBUG\STDAFX.OBJ
D:\MyProjects\SAutomation\Debug\vc100.idb
D:\MYPROJECTS\SAUTOMATION\DEBUG\VC100.PDB
