D:\MYPROJECTS\SAUTOMATION\RELEASE\AUTOMATION.OBJ
D:\MyProjects\SAutomation\Release\cl.command.1.tlog
D:\MyProjects\SAutomation\Release\CL.read.1.tlog
D:\MyProjects\SAutomation\Release\CL.write.1.tlog
D:\MyProjects\SAutomation\Release\link.command.1.tlog
D:\MyProjects\SAutomation\Release\link.read.1.tlog
D:\MyProjects\SAutomation\Release\link.write.1.tlog
D:\MyProjects\SAutomation\Release\link-cvtres.read.1.tlog
D:\MyProjects\SAutomation\Release\link-cvtres.write.1.tlog
D:\MYPROJECTS\SAUTOMATION\RELEASE\MOUSEAUTOMATION.OBJ
D:\MyProjects\SAutomation\Release\mt.command.1.tlog
D:\MyProjects\SAutomation\Release\mt.read.1.tlog
D:\MyProjects\SAutomation\Release\mt.write.1.tlog
D:\MYPROJECTS\SAUTOMATION\RELEASE\PERSER.OBJ
D:\MyProjects\SAutomation\Release\rc.command.1.tlog
D:\MyProjects\SAutomation\Release\rc.read.1.tlog
D:\MyProjects\SAutomation\Release\rc.write.1.tlog
D:\MYPROJECTS\SAUTOMATION\RELEASE\SAUTOMATION.EXE
D:\MYPROJECTS\SAUTOMATION\RELEASE\SAUTOMATION.EXE.INTERMEDIATE.MANIFEST
D:\MYPROJECTS\SAUTOMATION\RELEASE\SAUTOMATION.OBJ
D:\MYPROJECTS\SAUTOMATION\RELEASE\SAUTOMATION.PCH
D:\MYPROJECTS\SAUTOMATION\RELEASE\SAUTOMATION.PDB
D:\MYPROJECTS\SAUTOMATION\RELEASE\SAUTOMATION.RES
D:\MyProjects\SAutomation\Release\SAutomation.write.1.tlog
D:\MYPROJECTS\SAUTOMATION\RELEASE\SAUTOMATIONDLG.OBJ
D:\MYPROJECTS\SAUTOMATION\RELEASE\STDAFX.OBJ
D:\MYPROJECTS\SAUTOMATION\RELEASE\VC100.PDB
