2023/04/29 11:32:35 にビルドを開始しました。
     1>ノード 2 上のプロジェクト "D:\MyProjects\MouseHook\MouseHook.vcxproj" (build ターゲット)。
     1>InitializeBuildStatus:
         "Release\MouseHook.unsuccessfulbuild" のタッチ タスクを実行しています。
       ClCompile:
         すべての出力が最新のものです。
         すべての出力が最新のものです。
       ResourceCompile:
         すべての出力が最新のものです。
       Link:
         すべての出力が最新のものです。
         MouseHook.vcxproj -> D:\MyProjects\MouseHook\Release\MouseHook.dll
       Manifest:
         すべての出力が最新のものです。
       PostBuildEvent:
         copy Release\MouseHook.dll D:\MyProjects\MouseGesture\MouseGesture
         :VCEnd
                 1 個のファイルをコピーしました。
       FinalizeBuildStatus:
         ファイル "Release\MouseHook.unsuccessfulbuild" を削除しています。
         "Release\MouseHook.lastbuildstate" のタッチ タスクを実行しています。
     1>プロジェクト "D:\MyProjects\MouseHook\MouseHook.vcxproj" (build ターゲット) のビルドが完了しました。

ビルドに成功しました。

経過時間 00:00:00.13
