D:\MyProjects\MouseHook\Release\cl.command.1.tlog
D:\MyProjects\MouseHook\Release\CL.read.1.tlog
D:\MyProjects\MouseHook\Release\CL.write.1.tlog
D:\MyProjects\MouseHook\Release\link.command.1.tlog
D:\MyProjects\MouseHook\Release\link.read.1.tlog
D:\MyProjects\MouseHook\Release\link.write.1.tlog
D:\MyProjects\MouseHook\Release\link-cvtres.read.1.tlog
D:\MyProjects\MouseHook\Release\link-cvtres.write.1.tlog
D:\MYPROJECTS\MOUSEHOOK\RELEASE\MOUSEHOOK.DLL
D:\MYPROJECTS\MOUSEHOOK\RELEASE\MOUSEHOOK.DLL.INTERMEDIATE.MANIFEST
D:\MyProjects\MouseHook\Release\MouseHook.exp
D:\MyProjects\MouseHook\Release\MouseHook.lib
D:\MYPROJECTS\MOUSEHOOK\RELEASE\MOUSEHOOK.OBJ
D:\MYPROJECTS\MOUSEHOOK\RELEASE\MOUSEHOOK.PCH
D:\MYPROJECTS\MOUSEHOOK\RELEASE\MOUSEHOOK.PDB
D:\MYPROJECTS\MOUSEHOOK\RELEASE\MOUSEHOOK.RES
D:\MyProjects\MouseHook\Release\MouseHook.write.1.tlog
D:\MyProjects\MouseHook\Release\mt.command.1.tlog
D:\MyProjects\MouseHook\Release\mt.read.1.tlog
D:\MyProjects\MouseHook\Release\mt.write.1.tlog
D:\MyProjects\MouseHook\Release\rc.command.1.tlog
D:\MyProjects\MouseHook\Release\rc.read.1.tlog
D:\MyProjects\MouseHook\Release\rc.write.1.tlog
D:\MYPROJECTS\MOUSEHOOK\RELEASE\STDAFX.OBJ
D:\MYPROJECTS\MOUSEHOOK\RELEASE\VC100.PDB
