2023/04/28 19:25:41 にビルドを開始しました。
     1>ノード 2 上のプロジェクト "D:\MyProjects\MouseGesture\MouseGesture\MouseGesture.vcxproj" (build ターゲット)。
     1>InitializeBuildStatus:
         "AlwaysCreate" が指定されたため "Debug\MouseGesture.unsuccessfulbuild" を作成しています。
       ClCompile:
         すべての出力が最新のものです。
         C:\Program Files (x86)\Microsoft Visual Studio 10.0\VC\bin\CL.exe /c /ZI /nologo /W3 /WX- /Od /Oy- /D WIN32 /D _WINDOWS /D _DEBUG /D _MBCS /D _AFXDLL /Gm /EHsc /RTC1 /MDd /GS /fp:precise /Zc:wchar_t /Zc:forScope /Yu"StdAfx.h" /Fp"Debug\MouseGesture.pch" /Fo"Debug\\" /Fd"Debug\vc100.pdb" /Gd /TP /analyze- /errorReport:prompt MouseGestureDlg.cpp
         MouseGestureDlg.cpp
     1>d:\myprojects\mousegesture\mousegesture\mousegesturedlg.cpp(208): warning C4101: 'dwThreadID' : ローカル変数は 1 度も使われていません。
       ResourceCompile:
         すべての出力が最新のものです。
       ManifestResourceCompile:
         すべての出力が最新のものです。
       Link:
         C:\Program Files (x86)\Microsoft Visual Studio 10.0\VC\bin\link.exe /ERRORREPORT:PROMPT /OUT:"D:\MyProjects\MouseGesture\Debug\MouseGesture.exe" /INCREMENTAL /NOLOGO MouseHook.lib /MANIFEST /ManifestFile:"Debug\MouseGesture.exe.intermediate.manifest" /MANIFESTUAC:"level='asInvoker' uiAccess='false'" /DEBUG /PDB:"D:\MyProjects\MouseGesture\Debug\MouseGesture.pdb" /SUBSYSTEM:WINDOWS /TLBID:1 /DYNAMICBASE /NXCOMPAT /IMPLIB:"D:\MyProjects\MouseGesture\Debug\MouseGesture.lib" /MACHINE:X86 Debug\MouseGesture.res
         Debug\MouseGesture.exe.embed.manifest.res
         Debug\MouseGesture.obj
         Debug\MouseGestureDlg.obj
         Debug\stdafx.obj
       Manifest:
         C:\Program Files (x86)\Microsoft SDKs\Windows\v7.0A\bin\mt.exe /nologo /verbose /out:"Debug\MouseGesture.exe.embed.manifest" /manifest Debug\MouseGesture.exe.intermediate.manifest "C:\Program Files (x86)\Microsoft Visual Studio 10.0\VC\Include\Manifest\dpiaware.manifest"
         すべての出力が最新のものです。
       LinkEmbedManifest:
         すべての出力が最新のものです。
         MouseGesture.vcxproj -> D:\MyProjects\MouseGesture\Debug\MouseGesture.exe
       FinalizeBuildStatus:
         ファイル "Debug\MouseGesture.unsuccessfulbuild" を削除しています。
         "Debug\MouseGesture.lastbuildstate" のタッチ タスクを実行しています。
     1>プロジェクト "D:\MyProjects\MouseGesture\MouseGesture\MouseGesture.vcxproj" (build ターゲット) のビルドが完了しました。

ビルドに成功しました。

経過時間 00:00:00.58
