D:\MYPROJECTS\MOUSEGESTURE\DEBUG\MOUSEGESTURE.EXE
D:\MYPROJECTS\MOUSEGESTURE\DEBUG\MOUSEGESTURE.ILK
D:\MYPROJECTS\MOUSEGESTURE\DEBUG\MOUSEGESTURE.PDB
D:\MyProjects\MouseGesture\MouseGesture\Debug\cl.command.1.tlog
D:\MyProjects\MouseGesture\MouseGesture\Debug\CL.read.1.tlog
D:\MyProjects\MouseGesture\MouseGesture\Debug\CL.write.1.tlog
D:\MyProjects\MouseGesture\MouseGesture\Debug\link.6700.read.1.tlog
D:\MyProjects\MouseGesture\MouseGesture\Debug\link.6700.write.1.tlog
D:\MyProjects\MouseGesture\MouseGesture\Debug\link.6700-cvtres.read.1.tlog
D:\MyProjects\MouseGesture\MouseGesture\Debug\link.6700-cvtres.write.1.tlog
D:\MyProjects\MouseGesture\MouseGesture\Debug\link.command.1.tlog
D:\MyProjects\MouseGesture\MouseGesture\Debug\link.read.1.tlog
D:\MyProjects\MouseGesture\MouseGesture\Debug\link.write.1.tlog
D:\MyProjects\MouseGesture\MouseGesture\Debug\link-cvtres.read.1.tlog
D:\MyProjects\MouseGesture\MouseGesture\Debug\link-cvtres.write.1.tlog
D:\MYPROJECTS\MOUSEGESTURE\MOUSEGESTURE\DEBUG\MOUSEGESTURE.EXE.EMBED.MANIFEST
D:\MYPROJECTS\MOUSEGESTURE\MOUSEGESTURE\DEBUG\MOUSEGESTURE.EXE.EMBED.MANIFEST.RES
D:\MYPROJECTS\MOUSEGESTURE\MOUSEGESTURE\DEBUG\MOUSEGESTURE.EXE.INTERMEDIATE.MANIFEST
D:\MYPROJECTS\MOUSEGESTURE\MOUSEGESTURE\DEBUG\MOUSEGESTURE.OBJ
D:\MYPROJECTS\MOUSEGESTURE\MOUSEGESTURE\DEBUG\MOUSEGESTURE.PCH
D:\MYPROJECTS\MOUSEGESTURE\MOUSEGESTURE\DEBUG\MOUSEGESTURE.RES
D:\MyProjects\MouseGesture\MouseGesture\Debug\MouseGesture.vcxprojResolveAssemblyReference.cache
D:\MyProjects\MouseGesture\MouseGesture\Debug\MouseGesture.write.1.tlog
D:\MyProjects\MouseGesture\MouseGesture\Debug\MouseGesture_manifest.rc
D:\MYPROJECTS\MOUSEGESTURE\MOUSEGESTURE\DEBUG\MOUSEGESTUREDLG.OBJ
D:\MyProjects\MouseGesture\MouseGesture\Debug\mt.command.1.tlog
D:\MyProjects\MouseGesture\MouseGesture\Debug\mt.read.1.tlog
D:\MyProjects\MouseGesture\MouseGesture\Debug\mt.write.1.tlog
D:\MyProjects\MouseGesture\MouseGesture\Debug\rc.command.1.tlog
D:\MyProjects\MouseGesture\MouseGesture\Debug\rc.read.1.tlog
D:\MyProjects\MouseGesture\MouseGesture\Debug\rc.write.1.tlog
D:\MYPROJECTS\MOUSEGESTURE\MOUSEGESTURE\DEBUG\STDAFX.OBJ
D:\MyProjects\MouseGesture\MouseGesture\Debug\vc100.idb
D:\MYPROJECTS\MOUSEGESTURE\MOUSEGESTURE\DEBUG\VC100.PDB
